<?xml version="1.0" encoding="UTF-8"?>
<testsuite xmlns:xsi="http://www.w3.org/2001/XMLSchema-instance" xsi:noNamespaceSchemaLocation="https://maven.apache.org/surefire/maven-surefire-plugin/xsd/surefire-test-report.xsd" name="in.kishoresugumar.vanha.TestCreateUser" time="2.845" tests="9" errors="0" skipped="0" failures="1">
  <properties>
[...]
</properties>
  <testcase name="in.kishoresugumar.vanha.TestCreateUser.testUserPasswordEmpty" classname="in.kishoresugumar.vanha.TestCreateUser" time="0"/>
  <testcase name="in.kishoresugumar.vanha.TestCreateUser.testCreateUserWithInvalidData" classname="in.kishoresugumar.vanha.TestCreateUser" time="0"/>
  <testcase name="in.kishoresugumar.vanha.TestCreateUser.testUpdateUserWithvalidData" classname="in.kishoresugumar.vanha.TestCreateUser" time="2.057"/>
  <testcase name="in.kishoresugumar.vanha.TestCreateUser.testCreateUserWithValidData" classname="in.kishoresugumar.vanha.TestCreateUser" time="0.786">
    <failure message="Unexpected exception thrown: java.lang.RuntimeException: java.sql.SQLIntegrityConstraintViolationException: target: kishore_vanha.-.primary: vttablet: rpc error: code = AlreadyExists desc = Duplicate entry &apos;ErenMicky@gmail.com&apos; for key &apos;users.email&apos; (errno 1062) (sqlstate 23000) (CallerID: 5acjdzm9mqbr20brxq9v): Sql: &quot;insert into users(firstname, lastname, email, `password`) values (:vtg1 /* VARCHAR */, :vtg2 /* VARCHAR */, :vtg3 /* VARCHAR */, :vtg4 /* VARCHAR */)&quot;, BindVars: {REDACTED}" type="org.opentest4j.AssertionFailedError">org.opentest4j.AssertionFailedError: Unexpected exception thrown: java.lang.RuntimeException: java.sql.SQLIntegrityConstraintViolationException: target: kishore_vanha.-.primary: vttablet: rpc error: code = AlreadyExists desc = Duplicate entry 'ErenMicky@gmail.com' for key 'users.email' (errno 1062) (sqlstate 23000) (CallerID: 5acjdzm9mqbr20brxq9v): Sql: "insert into users(firstname, lastname, email, `password`) values (:vtg1 /* VARCHAR */, :vtg2 /* VARCHAR */, :vtg3 /* VARCHAR */, :vtg4 /* VARCHAR */)", BindVars: {REDACTED}
	at org.junit.jupiter.api.AssertDoesNotThrow.createAssertionFailedError(AssertDoesNotThrow.java:83)
	at org.junit.jupiter.api.AssertDoesNotThrow.assertDoesNotThrow(AssertDoesNotThrow.java:54)
	at org.junit.jupiter.api.AssertDoesNotThrow.assertDoesNotThrow(AssertDoesNotThrow.java:37)
	at org.junit.jupiter.api.Assertions.assertDoesNotThrow(Assertions.java:3135)
	at in.kishoresugumar.vanha.TestCreateUser.testCreateUserWithValidData(TestCreateUser.java:24)
Caused by: java.lang.RuntimeException: java.sql.SQLIntegrityConstraintViolationException: target: kishore_vanha.-.primary: vttablet: rpc error: code = AlreadyExists desc = Duplicate entry 'ErenMicky@gmail.com' for key 'users.email' (errno 1062) (sqlstate 23000) (CallerID: 5acjdzm9mqbr20brxq9v): Sql: "insert into users(firstname, lastname, email, `password`) values (:vtg1 /* VARCHAR */, :vtg2 /* VARCHAR */, :vtg3 /* VARCHAR */, :vtg4 /* VARCHAR */)", BindVars: {REDACTED}
	at in.kishoresugumar.vanha.dao.UserDAO.create(UserDAO.java:100)
	at in.kishoresugumar.vanha.service.UserService.create(UserService.java:14)
	at in.kishoresugumar.vanha.TestCreateUser.lambda$testCreateUserWithValidData$0(TestCreateUser.java:25)
	at org.junit.jupiter.api.AssertDoesNotThrow.assertDoesNotThrow(AssertDoesNotThrow.java:50)
	... 16 more
Caused by: java.sql.SQLIntegrityConstraintViolationException: target: kishore_vanha.-.primary: vttablet: rpc error: code = AlreadyExists desc = Duplicate entry 'ErenMicky@gmail.com' for key 'users.email' (errno 1062) (sqlstate 23000) (CallerID: 5acjdzm9mqbr20brxq9v): Sql: "insert into users(firstname, lastname, email, `password`) values (:vtg1 /* VARCHAR */, :vtg2 /* VARCHAR */, :vtg3 /* VARCHAR */, :vtg4 /* VARCHAR */)", BindVars: {REDACTED}
	at com.mysql.cj.jdbc.exceptions.SQLError.createSQLException(SQLError.java:117)
	at com.mysql.cj.jdbc.exceptions.SQLExceptionsMapping.translateException(SQLExceptionsMapping.java:122)
	at com.mysql.cj.jdbc.ClientPreparedStatement.executeInternal(ClientPreparedStatement.java:953)
	at com.mysql.cj.jdbc.ClientPreparedStatement.executeUpdateInternal(ClientPreparedStatement.java:1098)
	at com.mysql.cj.jdbc.ClientPreparedStatement.executeUpdateInternal(ClientPreparedStatement.java:1046)
	at com.mysql.cj.jdbc.ClientPreparedStatement.executeLargeUpdate(ClientPreparedStatement.java:1371)
	at com.mysql.cj.jdbc.ClientPreparedStatement.executeUpdate(ClientPreparedStatement.java:1031)
	at in.kishoresugumar.vanha.dao.UserDAO.create(UserDAO.java:96)
	... 19 more
</failure>
    <system-err><![CDATA[java.sql.SQLIntegrityConstraintViolationException: target: kishore_vanha.-.primary: vttablet: rpc error: code = AlreadyExists desc = Duplicate entry 'ErenMicky@gmail.com' for key 'users.email' (errno 1062) (sqlstate 23000) (CallerID: 5acjdzm9mqbr20brxq9v): Sql: "insert into users(firstname, lastname, email, `password`) values (:vtg1 /* VARCHAR */, :vtg2 /* VARCHAR */, :vtg3 /* VARCHAR */, :vtg4 /* VARCHAR */)", BindVars: {REDACTED}
	at com.mysql.cj.jdbc.exceptions.SQLError.createSQLException(SQLError.java:117)
	at com.mysql.cj.jdbc.exceptions.SQLExceptionsMapping.translateException(SQLExceptionsMapping.java:122)
	at com.mysql.cj.jdbc.ClientPreparedStatement.executeInternal(ClientPreparedStatement.java:953)
	at com.mysql.cj.jdbc.ClientPreparedStatement.executeUpdateInternal(ClientPreparedStatement.java:1098)
	at com.mysql.cj.jdbc.ClientPreparedStatement.executeUpdateInternal(ClientPreparedStatement.java:1046)
	at com.mysql.cj.jdbc.ClientPreparedStatement.executeLargeUpdate(ClientPreparedStatement.java:1371)
	at com.mysql.cj.jdbc.ClientPreparedStatement.executeUpdate(ClientPreparedStatement.java:1031)
	at in.kishoresugumar.vanha.dao.UserDAO.create(UserDAO.java:96)
	at in.kishoresugumar.vanha.service.UserService.create(UserService.java:14)
	at in.kishoresugumar.vanha.TestCreateUser.lambda$testCreateUserWithValidData$0(TestCreateUser.java:25)
	at org.junit.jupiter.api.AssertDoesNotThrow.assertDoesNotThrow(AssertDoesNotThrow.java:50)
	at org.junit.jupiter.api.AssertDoesNotThrow.assertDoesNotThrow(AssertDoesNotThrow.java:37)
	at org.junit.jupiter.api.Assertions.assertDoesNotThrow(Assertions.java:3135)
	at in.kishoresugumar.vanha.TestCreateUser.testCreateUserWithValidData(TestCreateUser.java:24)
	at java.base/jdk.internal.reflect.NativeMethodAccessorImpl.invoke0(Native Method)
	at java.base/jdk.internal.reflect.NativeMethodAccessorImpl.invoke(NativeMethodAccessorImpl.java:77)
	at java.base/jdk.internal.reflect.DelegatingMethodAccessorImpl.invoke(DelegatingMethodAccessorImpl.java:43)
	at java.base/java.lang.reflect.Method.invoke(Method.java:568)
	at org.apache.maven.surefire.junit.PojoTestSet.executeTestMethod(PojoTestSet.java:146)
	at org.apache.maven.surefire.junit.PojoTestSet.executeTestMethods(PojoTestSet.java:108)
	at org.apache.maven.surefire.junit.PojoTestSet.execute(PojoTestSet.java:89)
	at org.apache.maven.surefire.junit.JUnit3Provider.executeTestSet(JUnit3Provider.java:140)
	at org.apache.maven.surefire.junit.JUnit3Provider.invoke(JUnit3Provider.java:113)
	at org.apache.maven.surefire.booter.ForkedBooter.invokeProviderInSameClassLoader(ForkedBooter.java:384)
	at org.apache.maven.surefire.booter.ForkedBooter.runSuitesInProcess(ForkedBooter.java:345)
	at org.apache.maven.surefire.booter.ForkedBooter.execute(ForkedBooter.java:126)
	at org.apache.maven.surefire.booter.ForkedBooter.main(ForkedBooter.java:418)
]]></system-err>
  </testcase>
  <testcase name="in.kishoresugumar.vanha.TestCreateUser.testUserPasswordNull" classname="in.kishoresugumar.vanha.TestCreateUser" time="0.001"/>
  <testcase name="in.kishoresugumar.vanha.TestCreateUser.testUserFirstNameEmpty" classname="in.kishoresugumar.vanha.TestCreateUser" time="0"/>
  <testcase name="in.kishoresugumar.vanha.TestCreateUser.testUserFirstNameNull" classname="in.kishoresugumar.vanha.TestCreateUser" time="0"/>
  <testcase name="in.kishoresugumar.vanha.TestCreateUser.testUserEmailNull" classname="in.kishoresugumar.vanha.TestCreateUser" time="0"/>
  <testcase name="in.kishoresugumar.vanha.TestCreateUser.testUserEmailEmpty" classname="in.kishoresugumar.vanha.TestCreateUser" time="0"/>
</testsuite>